<?xml version="1.0" encoding="UTF-8"?>
<!-- Generated by org.testng.reporters.JUnitReportReporter -->
<testsuite hostname="DESKTOP-U3EDI7G" failures="0" tests="5" name="testng1.Prioritypgm" time="0.037" errors="0" timestamp="2024-01-09T20:12:01 GMT-05:00" skipped="0">
  <testcase classname="testng1.Prioritypgm" name="testMethod3" time="0.022"/>
  <system-out/>
  <testcase classname="testng1.Prioritypgm" name="testMethod2" time="0.006"/>
  <system-out/>
  <testcase classname="testng1.Prioritypgm" name="testMethod5" time="0.003"/>
  <system-out/>
  <testcase classname="testng1.Prioritypgm" name="testMethod4" time="0.002"/>
  <system-out/>
  <testcase classname="testng1.Prioritypgm" name="testMethod1" time="0.004"/>
  <system-out/>
</testsuite> <!-- testng1.Prioritypgm -->
