<?xml version="1.0" encoding="UTF-8"?>
<!-- Generated by org.testng.reporters.JUnitReportReporter -->
<testsuite hostname="DESKTOP-U3EDI7G" failures="0" tests="2" name="testng1.Crossbrowser" time="2.589" errors="0" timestamp="2024-01-11T21:00:40 GMT-05:00" skipped="0">
  <testcase classname="testng1.Crossbrowser" name="driverLaunch" time="2.586"/>
  <system-out/>
  <testcase classname="testng1.Crossbrowser" name="driverLaunch" time="0.003"/>
  <system-out/>
</testsuite> <!-- testng1.Crossbrowser -->
