<?xml version="1.0" encoding="UTF-8"?>
<!-- Generated by org.testng.reporters.JUnitReportReporter -->
<testsuite hostname="DESKTOP-U3EDI7G" failures="0" tests="3" name="testng1.Dataprovider1" time="31.027" errors="0" timestamp="2024-01-10T17:17:43 GMT-05:00" skipped="0">
  <testcase classname="testng1.Dataprovider1" name="driverLaunch" time="16.450"/>
  <system-out/>
  <testcase classname="testng1.Dataprovider1" name="driverLaunch" time="8.005"/>
  <system-out/>
  <testcase classname="testng1.Dataprovider1" name="driverLaunch" time="6.572"/>
  <system-out/>
</testsuite> <!-- testng1.Dataprovider1 -->
