<?xml version="1.0" encoding="UTF-8"?>
<!-- Generated by org.testng.reporters.JUnitReportReporter -->
<testsuite hostname="DESKTOP-U3EDI7G" failures="0" tests="3" name="testng1.dataprovider2" time="0.027" errors="0" timestamp="2024-01-05T22:23:21 GMT-05:00" skipped="0">
  <testcase classname="testng1.dataprovider2" name="myTest" time="0.016"/>
  <system-out/>
  <testcase classname="testng1.dataprovider2" name="myTest" time="0.008"/>
  <system-out/>
  <testcase classname="testng1.dataprovider2" name="myTest" time="0.003"/>
  <system-out/>
</testsuite> <!-- testng1.dataprovider2 -->
