<?xml version="1.0" encoding="UTF-8"?>
<!-- Generated by org.testng.reporters.JUnitReportReporter -->
<testsuite hostname="DESKTOP-U3EDI7G" failures="0" tests="1" name="testng1.Parameter" time="5.804" errors="0" timestamp="2024-01-11T21:05:00 GMT-05:00" skipped="0">
  <testcase classname="testng1.Parameter" name="driverLaunch" time="5.804"/>
  <system-out/>
</testsuite> <!-- testng1.Parameter -->
