<?xml version="1.0" encoding="UTF-8"?>
<!-- Generated by org.testng.reporters.JUnitReportReporter -->
<testsuite hostname="DESKTOP-U3EDI7G" failures="0" tests="1" name="testng1.Groups1" time="0.017" errors="0" timestamp="2024-01-09T21:58:41 GMT-05:00" skipped="0">
  <testcase classname="testng1.Groups1" name="testMethod3" time="0.017"/>
  <system-out/>
</testsuite> <!-- testng1.Groups1 -->
