<?xml version="1.0" encoding="UTF-8"?>
<!-- Generated by org.testng.reporters.JUnitReportReporter -->
<testsuite hostname="DESKTOP-U3EDI7G" failures="0" tests="1" name="testng1.Pgm2" time="0.011" errors="0" timestamp="2023-12-30T08:12:31 GMT-05:00" skipped="0">
  <testcase classname="testng1.Pgm2" name="maintest" time="0.011"/>
  <system-out/>
</testsuite> <!-- testng1.Pgm2 -->
