<?xml version="1.0" encoding="UTF-8"?>
<!-- Generated by org.testng.reporters.JUnitReportReporter -->
<testsuite hostname="DESKTOP-U3EDI7G" failures="0" tests="1" name="testng1.Basicpgm" time="0.020" errors="0" timestamp="2024-01-09T22:03:43 GMT-05:00" skipped="0">
  <testcase classname="testng1.Basicpgm" name="maintest" time="0.020"/>
  <system-out/>
</testsuite> <!-- testng1.Basicpgm -->
