<?xml version="1.0" encoding="UTF-8"?>
<!-- Generated by org.testng.reporters.JUnitReportReporter -->
<testsuite hostname="DESKTOP-U3EDI7G" failures="0" tests="5" name="testng1.DependsOnMethod1" time="0.040" errors="0" timestamp="2024-01-09T20:27:55 GMT-05:00" skipped="0">
  <testcase classname="testng1.DependsOnMethod1" name="search" time="0.007"/>
  <system-out/>
  <testcase classname="testng1.DependsOnMethod1" name="signout" time="0.006"/>
  <system-out/>
  <testcase classname="testng1.DependsOnMethod1" name="addcard" time="0.004"/>
  <system-out/>
  <testcase classname="testng1.DependsOnMethod1" name="signin" time="0.020"/>
  <system-out/>
  <testcase classname="testng1.DependsOnMethod1" name="login" time="0.003"/>
  <system-out/>
</testsuite> <!-- testng1.DependsOnMethod1 -->
